<?xml version="1.0" encoding="UTF-8"?>
<!-- Generated by org.testng.reporters.JUnitReportReporter -->
<testsuite name="testcases.TC_Database" tests="1" time="19.038" ignored="0" failures="0" timestamp="29 May 2018 06:10:34 GMT" skipped="0" hostname="FSSCHND1202" errors="0">
  <testcase name="login" time="19.038" classname="testcases.TC_Database"/>
</testsuite> <!-- testcases.TC_Database -->
