<?xml version="1.0" encoding="UTF-8"?>
<!-- Generated by org.testng.reporters.JUnitReportReporter -->
<testsuite name="testcases.TC001_Login" tests="1" time="47.099" ignored="0" failures="0" timestamp="04 Oct 2018 12:54:16 GMT" skipped="0" hostname="FSSCHND1202" errors="0">
  <testcase name="login" time="47.099" classname="testcases.TC001_Login"/>
</testsuite> <!-- testcases.TC001_Login -->
